2018-11-30 12:35:44.766  INFO [E-Kart-Order,,,] 8520 --- [http-nio-8100-exec-2] o.a.c.c.C.[Tomcat].[localhost].[/]       : Initializing Spring FrameworkServlet 'dispatcherServlet'
2018-11-30 12:35:45.008 DEBUG [E-Kart-Order,face92730e32f093,face92730e32f093,true] 8520 --- [http-nio-8100-exec-2] org.hibernate.SQL                        : select max(order_id) from ekart_order
2018-11-30 12:35:45.102 DEBUG [E-Kart-Order,face92730e32f093,face92730e32f093,true] 8520 --- [http-nio-8100-exec-2] org.hibernate.SQL                        : insert into ekart_order (address_id, card_id, category, deliverycharge, order_status, orderdate, price, product_name, quantity, seller_name, total, user_id, order_id) values (?, ?, ?, ?, ?, ?, ?, ?, ?, ?, ?, ?, ?)
2018-11-30 12:35:45.149 DEBUG [E-Kart-Order,face92730e32f093,face92730e32f093,true] 8520 --- [http-nio-8100-exec-2] org.hibernate.SQL                        : insert into ekart_order (address_id, card_id, category, deliverycharge, order_status, orderdate, price, product_name, quantity, seller_name, total, user_id, order_id) values (?, ?, ?, ?, ?, ?, ?, ?, ?, ?, ?, ?, ?)
2018-11-30 12:35:46.585  WARN [E-Kart-Order,,,] 8520 --- [AsyncReporter(org.springframework.cloud.sleuth.zipkin.RestTemplateSender@7ccaca3c)] z.r.AsyncReporter$BoundedAsyncReporter   : Dropped 1 spans due to ResourceAccessException(I/O error on POST request for "http://localhost:7777/api/v1/spans": Connection refused: connect; nested exception is java.net.ConnectException: Connection refused: connect)

org.springframework.web.client.ResourceAccessException: I/O error on POST request for "http://localhost:7777/api/v1/spans": Connection refused: connect; nested exception is java.net.ConnectException: Connection refused: connect
	at org.springframework.web.client.RestTemplate.doExecute(RestTemplate.java:666) ~[spring-web-4.3.10.RELEASE.jar:4.3.10.RELEASE]
	at org.springframework.web.client.RestTemplate.execute(RestTemplate.java:628) ~[spring-web-4.3.10.RELEASE.jar:4.3.10.RELEASE]
	at org.springframework.web.client.RestTemplate.exchange(RestTemplate.java:590) ~[spring-web-4.3.10.RELEASE.jar:4.3.10.RELEASE]
	at org.springframework.cloud.sleuth.zipkin.RestTemplateSender.post(RestTemplateSender.java:73) ~[spring-cloud-sleuth-zipkin-1.2.0.RELEASE.jar:1.2.0.RELEASE]
	at org.springframework.cloud.sleuth.zipkin.RestTemplateSender.sendSpans(RestTemplateSender.java:46) ~[spring-cloud-sleuth-zipkin-1.2.0.RELEASE.jar:1.2.0.RELEASE]
	at zipkin.reporter.AsyncReporter$BoundedAsyncReporter.flush(AsyncReporter.java:228) ~[zipkin-reporter-0.6.12.jar:na]
	at zipkin.reporter.AsyncReporter$Builder.lambda$build$0(AsyncReporter.java:153) ~[zipkin-reporter-0.6.12.jar:na]
	at zipkin.reporter.AsyncReporter$Builder$$Lambda$1.run(Unknown Source) ~[zipkin-reporter-0.6.12.jar:na]
	at java.base/java.lang.Thread.run(Thread.java:834) ~[na:na]
Caused by: java.net.ConnectException: Connection refused: connect
	at java.base/java.net.PlainSocketImpl.connect0(Native Method) ~[na:na]
	at java.base/java.net.PlainSocketImpl.socketConnect(PlainSocketImpl.java:101) ~[na:na]
	at java.base/java.net.AbstractPlainSocketImpl.doConnect(AbstractPlainSocketImpl.java:399) ~[na:na]
	at java.base/java.net.AbstractPlainSocketImpl.connectToAddress(AbstractPlainSocketImpl.java:242) ~[na:na]
	at java.base/java.net.AbstractPlainSocketImpl.connect(AbstractPlainSocketImpl.java:224) ~[na:na]
	at java.base/java.net.Socket.connect(Socket.java:591) ~[na:na]
	at java.base/java.net.Socket.connect(Socket.java:540) ~[na:na]
	at java.base/sun.net.NetworkClient.doConnect(NetworkClient.java:182) ~[na:na]
	at java.base/sun.net.www.http.HttpClient.openServer(HttpClient.java:474) ~[na:na]
	at java.base/sun.net.www.http.HttpClient.openServer(HttpClient.java:569) ~[na:na]
	at java.base/sun.net.www.http.HttpClient.<init>(HttpClient.java:242) ~[na:na]
	at java.base/sun.net.www.http.HttpClient.New(HttpClient.java:341) ~[na:na]
	at java.base/sun.net.www.http.HttpClient.New(HttpClient.java:362) ~[na:na]
	at java.base/sun.net.www.protocol.http.HttpURLConnection.getNewHttpClient(HttpURLConnection.java:1242) ~[na:na]
	at java.base/sun.net.www.protocol.http.HttpURLConnection.plainConnect0(HttpURLConnection.java:1181) ~[na:na]
	at java.base/sun.net.www.protocol.http.HttpURLConnection.plainConnect(HttpURLConnection.java:1075) ~[na:na]
	at java.base/sun.net.www.protocol.http.HttpURLConnection.connect(HttpURLConnection.java:1009) ~[na:na]
	at org.springframework.http.client.SimpleBufferingClientHttpRequest.executeInternal(SimpleBufferingClientHttpRequest.java:78) ~[spring-web-4.3.10.RELEASE.jar:4.3.10.RELEASE]
	at org.springframework.http.client.AbstractBufferingClientHttpRequest.executeInternal(AbstractBufferingClientHttpRequest.java:48) ~[spring-web-4.3.10.RELEASE.jar:4.3.10.RELEASE]
	at org.springframework.http.client.AbstractClientHttpRequest.execute(AbstractClientHttpRequest.java:53) ~[spring-web-4.3.10.RELEASE.jar:4.3.10.RELEASE]
	at org.springframework.web.client.RestTemplate.doExecute(RestTemplate.java:652) ~[spring-web-4.3.10.RELEASE.jar:4.3.10.RELEASE]
	... 8 common frames omitted

2018-11-30 12:36:35.356 DEBUG [E-Kart-Order,aada7bdb74563d46,aada7bdb74563d46,true] 8520 --- [http-nio-8100-exec-3] org.hibernate.SQL                        : insert into ekart_order (address_id, card_id, category, deliverycharge, order_status, orderdate, price, product_name, quantity, seller_name, total, user_id, order_id) values (?, ?, ?, ?, ?, ?, ?, ?, ?, ?, ?, ?, ?)
2018-11-30 12:36:35.380 DEBUG [E-Kart-Order,aada7bdb74563d46,aada7bdb74563d46,true] 8520 --- [http-nio-8100-exec-3] org.hibernate.SQL                        : insert into ekart_order (address_id, card_id, category, deliverycharge, order_status, orderdate, price, product_name, quantity, seller_name, total, user_id, order_id) values (?, ?, ?, ?, ?, ?, ?, ?, ?, ?, ?, ?, ?)
2018-11-30 12:36:36.827  WARN [E-Kart-Order,,,] 8520 --- [AsyncReporter(org.springframework.cloud.sleuth.zipkin.RestTemplateSender@7ccaca3c)] z.r.AsyncReporter$BoundedAsyncReporter   : Dropped 1 spans due to ResourceAccessException(I/O error on POST request for "http://localhost:7777/api/v1/spans": Connection refused: connect; nested exception is java.net.ConnectException: Connection refused: connect)

org.springframework.web.client.ResourceAccessException: I/O error on POST request for "http://localhost:7777/api/v1/spans": Connection refused: connect; nested exception is java.net.ConnectException: Connection refused: connect
	at org.springframework.web.client.RestTemplate.doExecute(RestTemplate.java:666) ~[spring-web-4.3.10.RELEASE.jar:4.3.10.RELEASE]
	at org.springframework.web.client.RestTemplate.execute(RestTemplate.java:628) ~[spring-web-4.3.10.RELEASE.jar:4.3.10.RELEASE]
	at org.springframework.web.client.RestTemplate.exchange(RestTemplate.java:590) ~[spring-web-4.3.10.RELEASE.jar:4.3.10.RELEASE]
	at org.springframework.cloud.sleuth.zipkin.RestTemplateSender.post(RestTemplateSender.java:73) ~[spring-cloud-sleuth-zipkin-1.2.0.RELEASE.jar:1.2.0.RELEASE]
	at org.springframework.cloud.sleuth.zipkin.RestTemplateSender.sendSpans(RestTemplateSender.java:46) ~[spring-cloud-sleuth-zipkin-1.2.0.RELEASE.jar:1.2.0.RELEASE]
	at zipkin.reporter.AsyncReporter$BoundedAsyncReporter.flush(AsyncReporter.java:228) ~[zipkin-reporter-0.6.12.jar:na]
	at zipkin.reporter.AsyncReporter$Builder.lambda$build$0(AsyncReporter.java:153) ~[zipkin-reporter-0.6.12.jar:na]
	at zipkin.reporter.AsyncReporter$Builder$$Lambda$1.run(Unknown Source) ~[zipkin-reporter-0.6.12.jar:na]
	at java.base/java.lang.Thread.run(Thread.java:834) ~[na:na]
Caused by: java.net.ConnectException: Connection refused: connect
	at java.base/java.net.PlainSocketImpl.connect0(Native Method) ~[na:na]
	at java.base/java.net.PlainSocketImpl.socketConnect(PlainSocketImpl.java:101) ~[na:na]
	at java.base/java.net.AbstractPlainSocketImpl.doConnect(AbstractPlainSocketImpl.java:399) ~[na:na]
	at java.base/java.net.AbstractPlainSocketImpl.connectToAddress(AbstractPlainSocketImpl.java:242) ~[na:na]
	at java.base/java.net.AbstractPlainSocketImpl.connect(AbstractPlainSocketImpl.java:224) ~[na:na]
	at java.base/java.net.Socket.connect(Socket.java:591) ~[na:na]
	at java.base/java.net.Socket.connect(Socket.java:540) ~[na:na]
	at java.base/sun.net.NetworkClient.doConnect(NetworkClient.java:182) ~[na:na]
	at java.base/sun.net.www.http.HttpClient.openServer(HttpClient.java:474) ~[na:na]
	at java.base/sun.net.www.http.HttpClient.openServer(HttpClient.java:569) ~[na:na]
	at java.base/sun.net.www.http.HttpClient.<init>(HttpClient.java:242) ~[na:na]
	at java.base/sun.net.www.http.HttpClient.New(HttpClient.java:341) ~[na:na]
	at java.base/sun.net.www.http.HttpClient.New(HttpClient.java:362) ~[na:na]
	at java.base/sun.net.www.protocol.http.HttpURLConnection.getNewHttpClient(HttpURLConnection.java:1242) ~[na:na]
	at java.base/sun.net.www.protocol.http.HttpURLConnection.plainConnect0(HttpURLConnection.java:1181) ~[na:na]
	at java.base/sun.net.www.protocol.http.HttpURLConnection.plainConnect(HttpURLConnection.java:1075) ~[na:na]
	at java.base/sun.net.www.protocol.http.HttpURLConnection.connect(HttpURLConnection.java:1009) ~[na:na]
	at org.springframework.http.client.SimpleBufferingClientHttpRequest.executeInternal(SimpleBufferingClientHttpRequest.java:78) ~[spring-web-4.3.10.RELEASE.jar:4.3.10.RELEASE]
	at org.springframework.http.client.AbstractBufferingClientHttpRequest.executeInternal(AbstractBufferingClientHttpRequest.java:48) ~[spring-web-4.3.10.RELEASE.jar:4.3.10.RELEASE]
	at org.springframework.http.client.AbstractClientHttpRequest.execute(AbstractClientHttpRequest.java:53) ~[spring-web-4.3.10.RELEASE.jar:4.3.10.RELEASE]
	at org.springframework.web.client.RestTemplate.doExecute(RestTemplate.java:652) ~[spring-web-4.3.10.RELEASE.jar:4.3.10.RELEASE]
	... 8 common frames omitted

2018-11-30 12:38:41.457 DEBUG [E-Kart-Order,f4a2769e151f37f0,f4a2769e151f37f0,true] 8520 --- [http-nio-8100-exec-6] org.hibernate.SQL                        : insert into ekart_order (address_id, card_id, category, deliverycharge, order_status, orderdate, price, product_name, quantity, seller_name, total, user_id, order_id) values (?, ?, ?, ?, ?, ?, ?, ?, ?, ?, ?, ?, ?)
2018-11-30 12:38:41.462 DEBUG [E-Kart-Order,f4a2769e151f37f0,f4a2769e151f37f0,true] 8520 --- [http-nio-8100-exec-6] org.hibernate.SQL                        : insert into ekart_order (address_id, card_id, category, deliverycharge, order_status, orderdate, price, product_name, quantity, seller_name, total, user_id, order_id) values (?, ?, ?, ?, ?, ?, ?, ?, ?, ?, ?, ?, ?)
2018-11-30 12:40:04.617  INFO [E-Kart-Order,,,] 8520 --- [RMI TCP Connection(13)-127.0.0.1] inMXBeanRegistrar$SpringApplicationAdmin : Application shutdown requested.
2018-11-30 12:40:04.622  INFO [E-Kart-Order,,,] 8520 --- [RMI TCP Connection(13)-127.0.0.1] ationConfigEmbeddedWebApplicationContext : Closing org.springframework.boot.context.embedded.AnnotationConfigEmbeddedWebApplicationContext@2b61a019: startup date [Fri Nov 30 12:35:00 IST 2018]; parent: org.springframework.context.annotation.AnnotationConfigApplicationContext@6b44435b
2018-11-30 12:40:04.629  INFO [E-Kart-Order,,,] 8520 --- [RMI TCP Connection(13)-127.0.0.1] o.s.c.n.e.s.EurekaServiceRegistry        : Unregistering application E-Kart-Order with eureka with status DOWN
2018-11-30 12:40:04.629  WARN [E-Kart-Order,,,] 8520 --- [RMI TCP Connection(13)-127.0.0.1] com.netflix.discovery.DiscoveryClient    : Saw local status change event StatusChangeEvent [timestamp=1543561804629, current=DOWN, previous=UP]
2018-11-30 12:40:04.629  INFO [E-Kart-Order,,,] 8520 --- [RMI TCP Connection(13)-127.0.0.1] com.netflix.discovery.DiscoveryClient    : Shutting down DiscoveryClient ...
2018-11-30 12:40:04.629  INFO [E-Kart-Order,,,] 8520 --- [DiscoveryClient-InstanceInfoReplicator-0] com.netflix.discovery.DiscoveryClient    : DiscoveryClient_E-KART-ORDER/HYDPCM308552D.ad.infosys.com:E-Kart-Order:8100: registering service...
2018-11-30 12:40:04.629  INFO [E-Kart-Order,,,] 8520 --- [RMI TCP Connection(13)-127.0.0.1] com.netflix.discovery.DiscoveryClient    : Unregistering ...
2018-11-30 12:40:04.660  INFO [E-Kart-Order,,,] 8520 --- [RMI TCP Connection(13)-127.0.0.1] com.netflix.discovery.DiscoveryClient    : DiscoveryClient_E-KART-ORDER/HYDPCM308552D.ad.infosys.com:E-Kart-Order:8100 - deregister  status: 200
2018-11-30 12:40:04.660  INFO [E-Kart-Order,,,] 8520 --- [RMI TCP Connection(13)-127.0.0.1] com.netflix.discovery.DiscoveryClient    : Completed shut down of DiscoveryClient
2018-11-30 12:40:04.660  INFO [E-Kart-Order,,,] 8520 --- [DiscoveryClient-InstanceInfoReplicator-0] com.netflix.discovery.DiscoveryClient    : DiscoveryClient_E-KART-ORDER/HYDPCM308552D.ad.infosys.com:E-Kart-Order:8100 - registration status: 204
2018-11-30 12:40:04.660  INFO [E-Kart-Order,,,] 8520 --- [RMI TCP Connection(13)-127.0.0.1] o.s.c.support.DefaultLifecycleProcessor  : Stopping beans in phase 0
2018-11-30 12:40:04.675  INFO [E-Kart-Order,,,] 8520 --- [RMI TCP Connection(13)-127.0.0.1] o.s.j.e.a.AnnotationMBeanExporter        : Unregistering JMX-exposed beans on shutdown
2018-11-30 12:40:04.675  INFO [E-Kart-Order,,,] 8520 --- [RMI TCP Connection(13)-127.0.0.1] o.s.j.e.a.AnnotationMBeanExporter        : Unregistering JMX-exposed beans
2018-11-30 12:40:04.675  INFO [E-Kart-Order,,,] 8520 --- [RMI TCP Connection(13)-127.0.0.1] j.LocalContainerEntityManagerFactoryBean : Closing JPA EntityManagerFactory for persistence unit 'default'
2018-11-30 12:40:04.741  INFO [E-Kart-Order,,,] 8520 --- [RMI TCP Connection(13)-127.0.0.1] o.apache.catalina.core.StandardService   : Stopping service [Tomcat]
2018-11-30 12:40:04.756  INFO [E-Kart-Order,,,] 8520 --- [localhost-startStop-2] o.a.c.c.C.[Tomcat].[localhost].[/]       : Destroying Spring FrameworkServlet 'dispatcherServlet'
2018-11-30 12:40:15.083  INFO [E-Kart-Order,,,] 14272 --- [main] c.c.c.ConfigServicePropertySourceLocator : Fetching config from server at: http://localhost:8888
2018-11-30 12:40:15.602  INFO [E-Kart-Order,,,] 14272 --- [main] c.c.c.ConfigServicePropertySourceLocator : Located environment: name=E-Kart-Order, profiles=[default], label=null, version=null, state=null
2018-11-30 12:40:15.602  INFO [E-Kart-Order,,,] 14272 --- [main] b.c.PropertySourceBootstrapConfiguration : Located property source: CompositePropertySource [name='configService', propertySources=[MapPropertySource [name='http://infygit.ad.infosys.com/jay.pabari/spring_configs.git/application.properties']]]
2018-11-30 12:40:15.670  INFO [E-Kart-Order,,,] 14272 --- [main] com.infosys.ekart.InfyTelBoot            : No active profile set, falling back to default profiles: default
2018-11-30 12:40:15.692  INFO [E-Kart-Order,,,] 14272 --- [main] ationConfigEmbeddedWebApplicationContext : Refreshing org.springframework.boot.context.embedded.AnnotationConfigEmbeddedWebApplicationContext@3c6aa04a: startup date [Fri Nov 30 12:40:15 IST 2018]; parent: org.springframework.context.annotation.AnnotationConfigApplicationContext@774698ab
2018-11-30 12:40:17.743  INFO [E-Kart-Order,,,] 14272 --- [main] o.s.cloud.context.scope.GenericScope     : BeanFactory id=c52430e6-2bd7-3e6f-95fc-d26e0a268f37
2018-11-30 12:40:17.781  INFO [E-Kart-Order,,,] 14272 --- [main] f.a.AutowiredAnnotationBeanPostProcessor : JSR-330 'javax.inject.Inject' annotation found and supported for autowiring
2018-11-30 12:40:17.979  INFO [E-Kart-Order,,,] 14272 --- [main] trationDelegate$BeanPostProcessorChecker : Bean 'org.springframework.cloud.sleuth.instrument.async.AsyncDefaultAutoConfiguration$DefaultAsyncConfigurerSupport' of type [org.springframework.cloud.sleuth.instrument.async.AsyncDefaultAutoConfiguration$DefaultAsyncConfigurerSupport$$EnhancerBySpringCGLIB$$6f2d7aa2] is not eligible for getting processed by all BeanPostProcessors (for example: not eligible for auto-proxying)
2018-11-30 12:40:18.120  INFO [E-Kart-Order,,,] 14272 --- [main] trationDelegate$BeanPostProcessorChecker : Bean 'org.springframework.cloud.sleuth.annotation.SleuthAnnotationAutoConfiguration' of type [org.springframework.cloud.sleuth.annotation.SleuthAnnotationAutoConfiguration$$EnhancerBySpringCGLIB$$34512311] is not eligible for getting processed by all BeanPostProcessors (for example: not eligible for auto-proxying)
2018-11-30 12:40:18.429  INFO [E-Kart-Order,,,] 14272 --- [main] trationDelegate$BeanPostProcessorChecker : Bean 'sleuthAdvisorConfig' of type [org.springframework.cloud.sleuth.annotation.SleuthAdvisorConfig] is not eligible for getting processed by all BeanPostProcessors (for example: not eligible for auto-proxying)
2018-11-30 12:40:18.429  INFO [E-Kart-Order,,,] 14272 --- [main] trationDelegate$BeanPostProcessorChecker : Bean 'org.springframework.transaction.annotation.ProxyTransactionManagementConfiguration' of type [org.springframework.transaction.annotation.ProxyTransactionManagementConfiguration$$EnhancerBySpringCGLIB$$31ebdcdf] is not eligible for getting processed by all BeanPostProcessors (for example: not eligible for auto-proxying)
2018-11-30 12:40:18.569  INFO [E-Kart-Order,,,] 14272 --- [main] trationDelegate$BeanPostProcessorChecker : Bean 'org.springframework.cloud.netflix.metrics.MetricsInterceptorConfiguration$MetricsRestTemplateConfiguration' of type [org.springframework.cloud.netflix.metrics.MetricsInterceptorConfiguration$MetricsRestTemplateConfiguration$$EnhancerBySpringCGLIB$$64188320] is not eligible for getting processed by all BeanPostProcessors (for example: not eligible for auto-proxying)
2018-11-30 12:40:18.641  INFO [E-Kart-Order,,,] 14272 --- [main] trationDelegate$BeanPostProcessorChecker : Bean 'org.springframework.cloud.autoconfigure.ConfigurationPropertiesRebinderAutoConfiguration' of type [org.springframework.cloud.autoconfigure.ConfigurationPropertiesRebinderAutoConfiguration$$EnhancerBySpringCGLIB$$4e05dfdc] is not eligible for getting processed by all BeanPostProcessors (for example: not eligible for auto-proxying)
2018-11-30 12:40:19.554  INFO [E-Kart-Order,,,] 14272 --- [main] s.b.c.e.t.TomcatEmbeddedServletContainer : Tomcat initialized with port(s): 8100 (http)
2018-11-30 12:40:19.581  INFO [E-Kart-Order,,,] 14272 --- [main] o.apache.catalina.core.StandardService   : Starting service [Tomcat]
2018-11-30 12:40:19.581  INFO [E-Kart-Order,,,] 14272 --- [main] org.apache.catalina.core.StandardEngine  : Starting Servlet Engine: Apache Tomcat/8.5.16
2018-11-30 12:40:19.917  INFO [E-Kart-Order,,,] 14272 --- [localhost-startStop-1] o.a.c.c.C.[Tomcat].[localhost].[/]       : Initializing Spring embedded WebApplicationContext
2018-11-30 12:40:21.851  INFO [E-Kart-Order,,,] 14272 --- [localhost-startStop-1] o.s.b.w.servlet.FilterRegistrationBean   : Mapping filter: 'metricsFilter' to: [/*]
2018-11-30 12:40:21.868  INFO [E-Kart-Order,,,] 14272 --- [localhost-startStop-1] o.s.b.w.servlet.FilterRegistrationBean   : Mapping filter: 'characterEncodingFilter' to: [/*]
2018-11-30 12:40:21.868  INFO [E-Kart-Order,,,] 14272 --- [localhost-startStop-1] o.s.b.w.servlet.FilterRegistrationBean   : Mapping filter: 'traceFilter' to: [/*]
2018-11-30 12:40:21.868  INFO [E-Kart-Order,,,] 14272 --- [localhost-startStop-1] o.s.b.w.servlet.FilterRegistrationBean   : Mapping filter: 'hiddenHttpMethodFilter' to: [/*]
2018-11-30 12:40:21.868  INFO [E-Kart-Order,,,] 14272 --- [localhost-startStop-1] o.s.b.w.servlet.FilterRegistrationBean   : Mapping filter: 'httpPutFormContentFilter' to: [/*]
2018-11-30 12:40:21.868  INFO [E-Kart-Order,,,] 14272 --- [localhost-startStop-1] o.s.b.w.servlet.FilterRegistrationBean   : Mapping filter: 'requestContextFilter' to: [/*]
2018-11-30 12:40:21.868  INFO [E-Kart-Order,,,] 14272 --- [localhost-startStop-1] o.s.b.w.servlet.FilterRegistrationBean   : Mapping filter: 'webRequestLoggingFilter' to: [/*]
2018-11-30 12:40:21.868  INFO [E-Kart-Order,,,] 14272 --- [localhost-startStop-1] o.s.b.w.servlet.FilterRegistrationBean   : Mapping filter: 'applicationContextIdFilter' to: [/*]
2018-11-30 12:40:21.868  INFO [E-Kart-Order,,,] 14272 --- [localhost-startStop-1] o.s.b.w.servlet.ServletRegistrationBean  : Mapping servlet: 'dispatcherServlet' to [/]
2018-11-30 12:40:23.539  INFO [E-Kart-Order,,,] 14272 --- [main] j.LocalContainerEntityManagerFactoryBean : Building JPA container EntityManagerFactory for persistence unit 'default'
2018-11-30 12:40:24.601  INFO [E-Kart-Order,,,] 14272 --- [main] j.LocalContainerEntityManagerFactoryBean : Initialized JPA EntityManagerFactory for persistence unit 'default'
2018-11-30 12:40:31.054  INFO [E-Kart-Order,,,] 14272 --- [main] com.datastax.driver.core.Native          : Could not load JNR C Library, native system calls through this library will not be available (set this logger level to DEBUG to see the full stack trace).
2018-11-30 12:40:31.070  INFO [E-Kart-Order,,,] 14272 --- [main] com.datastax.driver.core.ClockFactory    : Using java.lang.System clock to generate timestamps.
2018-11-30 12:40:32.665  INFO [E-Kart-Order,,,] 14272 --- [main] o.s.b.a.e.mvc.EndpointHandlerMapping     : Mapped "{[/loggers/{name:.*}],methods=[GET],produces=[application/vnd.spring-boot.actuator.v1+json || application/json]}" onto public java.lang.Object org.springframework.boot.actuate.endpoint.mvc.LoggersMvcEndpoint.get(java.lang.String)
2018-11-30 12:40:32.666  INFO [E-Kart-Order,,,] 14272 --- [main] o.s.b.a.e.mvc.EndpointHandlerMapping     : Mapped "{[/loggers/{name:.*}],methods=[POST],consumes=[application/vnd.spring-boot.actuator.v1+json || application/json],produces=[application/vnd.spring-boot.actuator.v1+json || application/json]}" onto public java.lang.Object org.springframework.boot.actuate.endpoint.mvc.LoggersMvcEndpoint.set(java.lang.String,java.util.Map<java.lang.String, java.lang.String>)
2018-11-30 12:40:32.667  INFO [E-Kart-Order,,,] 14272 --- [main] o.s.b.a.e.mvc.EndpointHandlerMapping     : Mapped "{[/loggers || /loggers.json],methods=[GET],produces=[application/vnd.spring-boot.actuator.v1+json || application/json]}" onto public java.lang.Object org.springframework.boot.actuate.endpoint.mvc.EndpointMvcAdapter.invoke()
2018-11-30 12:40:32.670  INFO [E-Kart-Order,,,] 14272 --- [main] o.s.b.a.e.mvc.EndpointHandlerMapping     : Mapped "{[/resume || /resume.json],methods=[POST]}" onto public java.lang.Object org.springframework.cloud.endpoint.GenericPostableMvcEndpoint.invoke()
2018-11-30 12:40:32.671  INFO [E-Kart-Order,,,] 14272 --- [main] o.s.b.a.e.mvc.EndpointHandlerMapping     : Mapped "{[/health || /health.json],methods=[GET],produces=[application/vnd.spring-boot.actuator.v1+json || application/json]}" onto public java.lang.Object org.springframework.boot.actuate.endpoint.mvc.HealthMvcEndpoint.invoke(javax.servlet.http.HttpServletRequest,java.security.Principal)
2018-11-30 12:40:32.672  INFO [E-Kart-Order,,,] 14272 --- [main] o.s.b.a.e.mvc.EndpointHandlerMapping     : Mapped "{[/dump || /dump.json],methods=[GET],produces=[application/vnd.spring-boot.actuator.v1+json || application/json]}" onto public java.lang.Object org.springframework.boot.actuate.endpoint.mvc.EndpointMvcAdapter.invoke()
2018-11-30 12:40:32.673  INFO [E-Kart-Order,,,] 14272 --- [main] o.s.b.a.e.mvc.EndpointHandlerMapping     : Mapped "{[/restart || /restart.json],methods=[POST]}" onto public java.lang.Object org.springframework.cloud.context.restart.RestartMvcEndpoint.invoke()
2018-11-30 12:40:32.674  INFO [E-Kart-Order,,,] 14272 --- [main] o.s.b.a.e.mvc.EndpointHandlerMapping     : Mapped "{[/metrics/{name:.*}],methods=[GET],produces=[application/vnd.spring-boot.actuator.v1+json || application/json]}" onto public java.lang.Object org.springframework.boot.actuate.endpoint.mvc.MetricsMvcEndpoint.value(java.lang.String)
2018-11-30 12:40:32.675  INFO [E-Kart-Order,,,] 14272 --- [main] o.s.b.a.e.mvc.EndpointHandlerMapping     : Mapped "{[/metrics || /metrics.json],methods=[GET],produces=[application/vnd.spring-boot.actuator.v1+json || application/json]}" onto public java.lang.Object org.springframework.boot.actuate.endpoint.mvc.EndpointMvcAdapter.invoke()
2018-11-30 12:40:32.676  INFO [E-Kart-Order,,,] 14272 --- [main] o.s.b.a.e.mvc.EndpointHandlerMapping     : Mapped "{[/env],methods=[POST]}" onto public java.lang.Object org.springframework.cloud.context.environment.EnvironmentManagerMvcEndpoint.value(java.util.Map<java.lang.String, java.lang.String>)
2018-11-30 12:40:32.677  INFO [E-Kart-Order,,,] 14272 --- [main] o.s.b.a.e.mvc.EndpointHandlerMapping     : Mapped "{[/env/reset],methods=[POST]}" onto public java.util.Map<java.lang.String, java.lang.Object> org.springframework.cloud.context.environment.EnvironmentManagerMvcEndpoint.reset()
2018-11-30 12:40:32.678  INFO [E-Kart-Order,,,] 14272 --- [main] o.s.b.a.e.mvc.EndpointHandlerMapping     : Mapped "{[/archaius || /archaius.json],methods=[GET],produces=[application/vnd.spring-boot.actuator.v1+json || application/json]}" onto public java.lang.Object org.springframework.boot.actuate.endpoint.mvc.EndpointMvcAdapter.invoke()
2018-11-30 12:40:32.679  INFO [E-Kart-Order,,,] 14272 --- [main] o.s.b.a.e.mvc.EndpointHandlerMapping     : Mapped "{[/refresh || /refresh.json],methods=[POST]}" onto public java.lang.Object org.springframework.cloud.endpoint.GenericPostableMvcEndpoint.invoke()
2018-11-30 12:40:32.680  INFO [E-Kart-Order,,,] 14272 --- [main] o.s.b.a.e.mvc.EndpointHandlerMapping     : Mapped "{[/beans || /beans.json],methods=[GET],produces=[application/vnd.spring-boot.actuator.v1+json || application/json]}" onto public java.lang.Object org.springframework.boot.actuate.endpoint.mvc.EndpointMvcAdapter.invoke()
2018-11-30 12:40:32.685  INFO [E-Kart-Order,,,] 14272 --- [main] o.s.b.a.e.mvc.EndpointHandlerMapping     : Mapped "{[/env/{name:.*}],methods=[GET],produces=[application/vnd.spring-boot.actuator.v1+json || application/json]}" onto public java.lang.Object org.springframework.boot.actuate.endpoint.mvc.EnvironmentMvcEndpoint.value(java.lang.String)
2018-11-30 12:40:32.687  INFO [E-Kart-Order,,,] 14272 --- [main] o.s.b.a.e.mvc.EndpointHandlerMapping     : Mapped "{[/env || /env.json],methods=[GET],produces=[application/vnd.spring-boot.actuator.v1+json || application/json]}" onto public java.lang.Object org.springframework.boot.actuate.endpoint.mvc.EndpointMvcAdapter.invoke()
2018-11-30 12:40:32.690  INFO [E-Kart-Order,,,] 14272 --- [main] o.s.b.a.e.mvc.EndpointHandlerMapping     : Mapped "{[/pause || /pause.json],methods=[POST]}" onto public java.lang.Object org.springframework.cloud.endpoint.GenericPostableMvcEndpoint.invoke()
2018-11-30 12:40:32.692  INFO [E-Kart-Order,,,] 14272 --- [main] o.s.b.a.e.mvc.EndpointHandlerMapping     : Mapped "{[/autoconfig || /autoconfig.json],methods=[GET],produces=[application/vnd.spring-boot.actuator.v1+json || application/json]}" onto public java.lang.Object org.springframework.boot.actuate.endpoint.mvc.EndpointMvcAdapter.invoke()
2018-11-30 12:40:32.693  INFO [E-Kart-Order,,,] 14272 --- [main] o.s.b.a.e.mvc.EndpointHandlerMapping     : Mapped "{[/heapdump || /heapdump.json],methods=[GET],produces=[application/octet-stream]}" onto public void org.springframework.boot.actuate.endpoint.mvc.HeapdumpMvcEndpoint.invoke(boolean,javax.servlet.http.HttpServletRequest,javax.servlet.http.HttpServletResponse) throws java.io.IOException,javax.servlet.ServletException
2018-11-30 12:40:32.695  INFO [E-Kart-Order,,,] 14272 --- [main] o.s.b.a.e.mvc.EndpointHandlerMapping     : Mapped "{[/logfile || /logfile.json],methods=[GET || HEAD]}" onto public void org.springframework.boot.actuate.endpoint.mvc.LogFileMvcEndpoint.invoke(javax.servlet.http.HttpServletRequest,javax.servlet.http.HttpServletResponse) throws javax.servlet.ServletException,java.io.IOException
2018-11-30 12:40:32.695  INFO [E-Kart-Order,,,] 14272 --- [main] o.s.b.a.e.mvc.EndpointHandlerMapping     : Mapped "{[/service-registry/instance-status],methods=[POST]}" onto public org.springframework.http.ResponseEntity<?> org.springframework.cloud.client.serviceregistry.endpoint.ServiceRegistryEndpoint.setStatus(java.lang.String)
2018-11-30 12:40:32.695  INFO [E-Kart-Order,,,] 14272 --- [main] o.s.b.a.e.mvc.EndpointHandlerMapping     : Mapped "{[/service-registry/instance-status],methods=[GET]}" onto public org.springframework.http.ResponseEntity org.springframework.cloud.client.serviceregistry.endpoint.ServiceRegistryEndpoint.getStatus()
2018-11-30 12:40:32.695  INFO [E-Kart-Order,,,] 14272 --- [main] o.s.b.a.e.mvc.EndpointHandlerMapping     : Mapped "{[/info || /info.json],methods=[GET],produces=[application/vnd.spring-boot.actuator.v1+json || application/json]}" onto public java.lang.Object org.springframework.boot.actuate.endpoint.mvc.EndpointMvcAdapter.invoke()
2018-11-30 12:40:32.695  INFO [E-Kart-Order,,,] 14272 --- [main] o.s.b.a.e.mvc.EndpointHandlerMapping     : Mapped "{[/auditevents || /auditevents.json],methods=[GET],produces=[application/vnd.spring-boot.actuator.v1+json || application/json]}" onto public org.springframework.http.ResponseEntity<?> org.springframework.boot.actuate.endpoint.mvc.AuditEventsMvcEndpoint.findByPrincipalAndAfterAndType(java.lang.String,java.util.Date,java.lang.String)
2018-11-30 12:40:32.695  INFO [E-Kart-Order,,,] 14272 --- [main] o.s.b.a.e.mvc.EndpointHandlerMapping     : Mapped "{[/configprops || /configprops.json],methods=[GET],produces=[application/vnd.spring-boot.actuator.v1+json || application/json]}" onto public java.lang.Object org.springframework.boot.actuate.endpoint.mvc.EndpointMvcAdapter.invoke()
2018-11-30 12:40:32.695  INFO [E-Kart-Order,,,] 14272 --- [main] o.s.b.a.e.mvc.EndpointHandlerMapping     : Mapped "{[/features || /features.json],methods=[GET],produces=[application/vnd.spring-boot.actuator.v1+json || application/json]}" onto public java.lang.Object org.springframework.boot.actuate.endpoint.mvc.EndpointMvcAdapter.invoke()
2018-11-30 12:40:32.695  INFO [E-Kart-Order,,,] 14272 --- [main] o.s.b.a.e.mvc.EndpointHandlerMapping     : Mapped "{[/mappings || /mappings.json],methods=[GET],produces=[application/vnd.spring-boot.actuator.v1+json || application/json]}" onto public java.lang.Object org.springframework.boot.actuate.endpoint.mvc.EndpointMvcAdapter.invoke()
2018-11-30 12:40:32.695  INFO [E-Kart-Order,,,] 14272 --- [main] o.s.b.a.e.mvc.EndpointHandlerMapping     : Mapped "{[/trace || /trace.json],methods=[GET],produces=[application/vnd.spring-boot.actuator.v1+json || application/json]}" onto public java.lang.Object org.springframework.boot.actuate.endpoint.mvc.EndpointMvcAdapter.invoke()
2018-11-30 12:40:34.057  WARN [E-Kart-Order,,,] 14272 --- [main] c.n.c.sources.URLConfigurationSource     : No URLs will be polled as dynamic configuration sources.
2018-11-30 12:40:34.065  INFO [E-Kart-Order,,,] 14272 --- [main] c.n.c.sources.URLConfigurationSource     : To enable URLs as dynamic configuration sources, define System property archaius.configurationSource.additionalUrls or make config.properties available on classpath.
2018-11-30 12:40:34.067  WARN [E-Kart-Order,,,] 14272 --- [main] c.n.c.sources.URLConfigurationSource     : No URLs will be polled as dynamic configuration sources.
2018-11-30 12:40:34.067  INFO [E-Kart-Order,,,] 14272 --- [main] c.n.c.sources.URLConfigurationSource     : To enable URLs as dynamic configuration sources, define System property archaius.configurationSource.additionalUrls or make config.properties available on classpath.
2018-11-30 12:40:34.686  INFO [E-Kart-Order,,,] 14272 --- [main] o.s.s.c.ThreadPoolTaskScheduler          : Initializing ExecutorService 
2018-11-30 12:40:34.961  INFO [E-Kart-Order,,,] 14272 --- [main] o.s.j.e.a.AnnotationMBeanExporter        : Registering beans for JMX exposure on startup
2018-11-30 12:40:34.977  INFO [E-Kart-Order,,,] 14272 --- [main] o.s.j.e.a.AnnotationMBeanExporter        : Bean with name 'environmentManager' has been autodetected for JMX exposure
2018-11-30 12:40:34.992  INFO [E-Kart-Order,,,] 14272 --- [main] o.s.j.e.a.AnnotationMBeanExporter        : Bean with name 'configurationPropertiesRebinder' has been autodetected for JMX exposure
2018-11-30 12:40:34.992  INFO [E-Kart-Order,,,] 14272 --- [main] o.s.j.e.a.AnnotationMBeanExporter        : Bean with name 'refreshEndpoint' has been autodetected for JMX exposure
2018-11-30 12:40:34.992  INFO [E-Kart-Order,,,] 14272 --- [main] o.s.j.e.a.AnnotationMBeanExporter        : Bean with name 'restartEndpoint' has been autodetected for JMX exposure
2018-11-30 12:40:34.992  INFO [E-Kart-Order,,,] 14272 --- [main] o.s.j.e.a.AnnotationMBeanExporter        : Bean with name 'serviceRegistryEndpoint' has been autodetected for JMX exposure
2018-11-30 12:40:34.992  INFO [E-Kart-Order,,,] 14272 --- [main] o.s.j.e.a.AnnotationMBeanExporter        : Bean with name 'refreshScope' has been autodetected for JMX exposure
2018-11-30 12:40:34.992  INFO [E-Kart-Order,,,] 14272 --- [main] o.s.j.e.a.AnnotationMBeanExporter        : Located managed bean 'environmentManager': registering with JMX server as MBean [org.springframework.cloud.context.environment:name=environmentManager,type=EnvironmentManager]
2018-11-30 12:40:35.023  INFO [E-Kart-Order,,,] 14272 --- [main] o.s.j.e.a.AnnotationMBeanExporter        : Located managed bean 'restartEndpoint': registering with JMX server as MBean [org.springframework.cloud.context.restart:name=restartEndpoint,type=RestartEndpoint]
2018-11-30 12:40:35.039  INFO [E-Kart-Order,,,] 14272 --- [main] o.s.j.e.a.AnnotationMBeanExporter        : Located managed bean 'serviceRegistryEndpoint': registering with JMX server as MBean [org.springframework.cloud.client.serviceregistry.endpoint:name=serviceRegistryEndpoint,type=ServiceRegistryEndpoint]
2018-11-30 12:40:35.055  INFO [E-Kart-Order,,,] 14272 --- [main] o.s.j.e.a.AnnotationMBeanExporter        : Located managed bean 'refreshScope': registering with JMX server as MBean [org.springframework.cloud.context.scope.refresh:name=refreshScope,type=RefreshScope]
2018-11-30 12:40:35.070  INFO [E-Kart-Order,,,] 14272 --- [main] o.s.j.e.a.AnnotationMBeanExporter        : Located managed bean 'configurationPropertiesRebinder': registering with JMX server as MBean [org.springframework.cloud.context.properties:name=configurationPropertiesRebinder,context=3c6aa04a,type=ConfigurationPropertiesRebinder]
2018-11-30 12:40:35.083  INFO [E-Kart-Order,,,] 14272 --- [main] o.s.j.e.a.AnnotationMBeanExporter        : Located managed bean 'refreshEndpoint': registering with JMX server as MBean [org.springframework.cloud.endpoint:name=refreshEndpoint,type=RefreshEndpoint]
2018-11-30 12:40:35.694  INFO [E-Kart-Order,,,] 14272 --- [main] o.s.c.support.DefaultLifecycleProcessor  : Starting beans in phase 0
2018-11-30 12:40:35.710  INFO [E-Kart-Order,,,] 14272 --- [main] o.s.c.n.eureka.InstanceInfoFactory       : Setting initial instance status as: STARTING
2018-11-30 12:40:35.772  INFO [E-Kart-Order,,,] 14272 --- [main] com.netflix.discovery.DiscoveryClient    : Initializing Eureka in region us-east-1
2018-11-30 12:40:36.070  INFO [E-Kart-Order,,,] 14272 --- [main] c.n.d.provider.DiscoveryJerseyProvider   : Using JSON encoding codec LegacyJacksonJson
2018-11-30 12:40:36.070  INFO [E-Kart-Order,,,] 14272 --- [main] c.n.d.provider.DiscoveryJerseyProvider   : Using JSON decoding codec LegacyJacksonJson
2018-11-30 12:40:36.226  INFO [E-Kart-Order,,,] 14272 --- [main] c.n.d.provider.DiscoveryJerseyProvider   : Using XML encoding codec XStreamXml
2018-11-30 12:40:36.226  INFO [E-Kart-Order,,,] 14272 --- [main] c.n.d.provider.DiscoveryJerseyProvider   : Using XML decoding codec XStreamXml
2018-11-30 12:40:36.502  INFO [E-Kart-Order,,,] 14272 --- [main] c.n.d.s.r.aws.ConfigClusterResolver      : Resolving eureka endpoints via configuration
2018-11-30 12:40:36.580  INFO [E-Kart-Order,,,] 14272 --- [main] com.netflix.discovery.DiscoveryClient    : Disable delta property : false
2018-11-30 12:40:36.580  INFO [E-Kart-Order,,,] 14272 --- [main] com.netflix.discovery.DiscoveryClient    : Single vip registry refresh property : null
2018-11-30 12:40:36.580  INFO [E-Kart-Order,,,] 14272 --- [main] com.netflix.discovery.DiscoveryClient    : Force full registry fetch : false
2018-11-30 12:40:36.580  INFO [E-Kart-Order,,,] 14272 --- [main] com.netflix.discovery.DiscoveryClient    : Application is null : false
2018-11-30 12:40:36.580  INFO [E-Kart-Order,,,] 14272 --- [main] com.netflix.discovery.DiscoveryClient    : Registered Applications size is zero : true
2018-11-30 12:40:36.580  INFO [E-Kart-Order,,,] 14272 --- [main] com.netflix.discovery.DiscoveryClient    : Application version is -1: true
2018-11-30 12:40:36.580  INFO [E-Kart-Order,,,] 14272 --- [main] com.netflix.discovery.DiscoveryClient    : Getting all instance registry info from the eureka server
2018-11-30 12:40:36.757  INFO [E-Kart-Order,,,] 14272 --- [main] com.netflix.discovery.DiscoveryClient    : The response status is 200
2018-11-30 12:40:36.757  INFO [E-Kart-Order,,,] 14272 --- [main] com.netflix.discovery.DiscoveryClient    : Starting heartbeat executor: renew interval is: 30
2018-11-30 12:40:36.757  INFO [E-Kart-Order,,,] 14272 --- [main] c.n.discovery.InstanceInfoReplicator     : InstanceInfoReplicator onDemand update allowed rate per min is 4
2018-11-30 12:40:36.773  INFO [E-Kart-Order,,,] 14272 --- [main] com.netflix.discovery.DiscoveryClient    : Discovery Client initialized at timestamp 1543561836773 with initial instances count: 2
2018-11-30 12:40:36.976  INFO [E-Kart-Order,,,] 14272 --- [main] o.s.c.n.e.s.EurekaServiceRegistry        : Registering application E-Kart-Order with eureka with status UP
2018-11-30 12:40:36.976  INFO [E-Kart-Order,,,] 14272 --- [main] com.netflix.discovery.DiscoveryClient    : Saw local status change event StatusChangeEvent [timestamp=1543561836976, current=UP, previous=STARTING]
2018-11-30 12:40:36.976  INFO [E-Kart-Order,,,] 14272 --- [DiscoveryClient-InstanceInfoReplicator-0] com.netflix.discovery.DiscoveryClient    : DiscoveryClient_E-KART-ORDER/HYDPCM308552D.ad.infosys.com:E-Kart-Order:8100: registering service...
2018-11-30 12:40:37.048  INFO [E-Kart-Order,,,] 14272 --- [DiscoveryClient-InstanceInfoReplicator-0] com.netflix.discovery.DiscoveryClient    : DiscoveryClient_E-KART-ORDER/HYDPCM308552D.ad.infosys.com:E-Kart-Order:8100 - registration status: 204
2018-11-30 12:40:37.336  INFO [E-Kart-Order,,,] 14272 --- [main] s.b.c.e.t.TomcatEmbeddedServletContainer : Tomcat started on port(s): 8100 (http)
2018-11-30 12:40:37.337  INFO [E-Kart-Order,,,] 14272 --- [main] .s.c.n.e.s.EurekaAutoServiceRegistration : Updating port to 8100
2018-11-30 12:40:37.339  INFO [E-Kart-Order,,,] 14272 --- [main] com.infosys.ekart.InfyTelBoot            : Started InfyTelBoot in 24.213 seconds (JVM running for 25.835)
2018-11-30 12:40:45.889  INFO [E-Kart-Order,,,] 14272 --- [http-nio-8100-exec-1] o.a.c.c.C.[Tomcat].[localhost].[/]       : Initializing Spring FrameworkServlet 'dispatcherServlet'
2018-11-30 12:40:46.098 DEBUG [E-Kart-Order,cf3d0c9504d1f177,cf3d0c9504d1f177,true] 14272 --- [http-nio-8100-exec-1] org.hibernate.SQL                        : select max(order_id) from ekart_order
2018-11-30 12:40:46.196 DEBUG [E-Kart-Order,cf3d0c9504d1f177,cf3d0c9504d1f177,true] 14272 --- [http-nio-8100-exec-1] org.hibernate.SQL                        : insert into ekart_order (address_id, card_id, category, deliverycharge, order_status, orderdate, price, product_name, quantity, seller_name, total, user_id, order_id) values (?, ?, ?, ?, ?, ?, ?, ?, ?, ?, ?, ?, ?)
2018-11-30 12:40:46.211 DEBUG [E-Kart-Order,cf3d0c9504d1f177,cf3d0c9504d1f177,true] 14272 --- [http-nio-8100-exec-1] org.hibernate.SQL                        : insert into ekart_order (address_id, card_id, category, deliverycharge, order_status, orderdate, price, product_name, quantity, seller_name, total, user_id, order_id) values (?, ?, ?, ?, ?, ?, ?, ?, ?, ?, ?, ?, ?)
2018-11-30 12:45:36.587  INFO [E-Kart-Order,,,] 14272 --- [AsyncResolver-bootstrap-executor-0] c.n.d.s.r.aws.ConfigClusterResolver      : Resolving eureka endpoints via configuration
2018-11-30 12:46:40.712  INFO [E-Kart-Order,,,] 14272 --- [RMI TCP Connection(16)-127.0.0.1] inMXBeanRegistrar$SpringApplicationAdmin : Application shutdown requested.
2018-11-30 12:46:40.712  INFO [E-Kart-Order,,,] 14272 --- [RMI TCP Connection(16)-127.0.0.1] ationConfigEmbeddedWebApplicationContext : Closing org.springframework.boot.context.embedded.AnnotationConfigEmbeddedWebApplicationContext@3c6aa04a: startup date [Fri Nov 30 12:40:15 IST 2018]; parent: org.springframework.context.annotation.AnnotationConfigApplicationContext@774698ab
2018-11-30 12:46:40.715  INFO [E-Kart-Order,,,] 14272 --- [RMI TCP Connection(16)-127.0.0.1] o.s.c.n.e.s.EurekaServiceRegistry        : Unregistering application E-Kart-Order with eureka with status DOWN
2018-11-30 12:46:40.716  WARN [E-Kart-Order,,,] 14272 --- [RMI TCP Connection(16)-127.0.0.1] com.netflix.discovery.DiscoveryClient    : Saw local status change event StatusChangeEvent [timestamp=1543562200716, current=DOWN, previous=UP]
2018-11-30 12:46:40.716  INFO [E-Kart-Order,,,] 14272 --- [RMI TCP Connection(16)-127.0.0.1] com.netflix.discovery.DiscoveryClient    : Shutting down DiscoveryClient ...
2018-11-30 12:46:40.717  INFO [E-Kart-Order,,,] 14272 --- [RMI TCP Connection(16)-127.0.0.1] com.netflix.discovery.DiscoveryClient    : Unregistering ...
2018-11-30 12:46:40.751  INFO [E-Kart-Order,,,] 14272 --- [RMI TCP Connection(16)-127.0.0.1] com.netflix.discovery.DiscoveryClient    : DiscoveryClient_E-KART-ORDER/HYDPCM308552D.ad.infosys.com:E-Kart-Order:8100 - deregister  status: 200
2018-11-30 12:46:40.752  INFO [E-Kart-Order,,,] 14272 --- [RMI TCP Connection(16)-127.0.0.1] com.netflix.discovery.DiscoveryClient    : Completed shut down of DiscoveryClient
2018-11-30 12:46:40.767  INFO [E-Kart-Order,,,] 14272 --- [RMI TCP Connection(16)-127.0.0.1] o.s.c.support.DefaultLifecycleProcessor  : Stopping beans in phase 0
2018-11-30 12:46:40.799  INFO [E-Kart-Order,,,] 14272 --- [RMI TCP Connection(16)-127.0.0.1] o.s.j.e.a.AnnotationMBeanExporter        : Unregistering JMX-exposed beans on shutdown
2018-11-30 12:46:40.799  INFO [E-Kart-Order,,,] 14272 --- [RMI TCP Connection(16)-127.0.0.1] o.s.j.e.a.AnnotationMBeanExporter        : Unregistering JMX-exposed beans
2018-11-30 12:46:40.814  INFO [E-Kart-Order,,,] 14272 --- [RMI TCP Connection(16)-127.0.0.1] j.LocalContainerEntityManagerFactoryBean : Closing JPA EntityManagerFactory for persistence unit 'default'
2018-11-30 12:46:41.747  INFO [E-Kart-Order,,,] 14272 --- [RMI TCP Connection(16)-127.0.0.1] o.apache.catalina.core.StandardService   : Stopping service [Tomcat]
2018-11-30 12:46:41.832  INFO [E-Kart-Order,,,] 14272 --- [localhost-startStop-2] o.a.c.c.C.[Tomcat].[localhost].[/]       : Destroying Spring FrameworkServlet 'dispatcherServlet'
2018-11-30 12:47:40.719  INFO [E-Kart-Order,,,] 13836 --- [main] com.infosys.ekart.InfyTelBoot            : No active profile set, falling back to default profiles: default
2018-11-30 12:47:40.735  INFO [E-Kart-Order,,,] 13836 --- [main] ationConfigEmbeddedWebApplicationContext : Refreshing org.springframework.boot.context.embedded.AnnotationConfigEmbeddedWebApplicationContext@6a0ac48e: startup date [Fri Nov 30 12:47:40 IST 2018]; parent: org.springframework.context.annotation.AnnotationConfigApplicationContext@774698ab
2018-11-30 12:47:42.546  INFO [E-Kart-Order,,,] 13836 --- [main] o.s.cloud.context.scope.GenericScope     : BeanFactory id=c52430e6-2bd7-3e6f-95fc-d26e0a268f37
2018-11-30 12:47:42.590  INFO [E-Kart-Order,,,] 13836 --- [main] f.a.AutowiredAnnotationBeanPostProcessor : JSR-330 'javax.inject.Inject' annotation found and supported for autowiring
2018-11-30 12:47:42.791  INFO [E-Kart-Order,,,] 13836 --- [main] trationDelegate$BeanPostProcessorChecker : Bean 'org.springframework.cloud.sleuth.instrument.async.AsyncDefaultAutoConfiguration$DefaultAsyncConfigurerSupport' of type [org.springframework.cloud.sleuth.instrument.async.AsyncDefaultAutoConfiguration$DefaultAsyncConfigurerSupport$$EnhancerBySpringCGLIB$$6f2d7aa2] is not eligible for getting processed by all BeanPostProcessors (for example: not eligible for auto-proxying)
2018-11-30 12:47:42.930  INFO [E-Kart-Order,,,] 13836 --- [main] trationDelegate$BeanPostProcessorChecker : Bean 'org.springframework.cloud.sleuth.annotation.SleuthAnnotationAutoConfiguration' of type [org.springframework.cloud.sleuth.annotation.SleuthAnnotationAutoConfiguration$$EnhancerBySpringCGLIB$$34512311] is not eligible for getting processed by all BeanPostProcessors (for example: not eligible for auto-proxying)
2018-11-30 12:47:43.227  INFO [E-Kart-Order,,,] 13836 --- [main] trationDelegate$BeanPostProcessorChecker : Bean 'sleuthAdvisorConfig' of type [org.springframework.cloud.sleuth.annotation.SleuthAdvisorConfig] is not eligible for getting processed by all BeanPostProcessors (for example: not eligible for auto-proxying)
2018-11-30 12:47:43.242  INFO [E-Kart-Order,,,] 13836 --- [main] trationDelegate$BeanPostProcessorChecker : Bean 'org.springframework.transaction.annotation.ProxyTransactionManagementConfiguration' of type [org.springframework.transaction.annotation.ProxyTransactionManagementConfiguration$$EnhancerBySpringCGLIB$$31ebdcdf] is not eligible for getting processed by all BeanPostProcessors (for example: not eligible for auto-proxying)
2018-11-30 12:47:43.398  INFO [E-Kart-Order,,,] 13836 --- [main] trationDelegate$BeanPostProcessorChecker : Bean 'org.springframework.cloud.netflix.metrics.MetricsInterceptorConfiguration$MetricsRestTemplateConfiguration' of type [org.springframework.cloud.netflix.metrics.MetricsInterceptorConfiguration$MetricsRestTemplateConfiguration$$EnhancerBySpringCGLIB$$64188320] is not eligible for getting processed by all BeanPostProcessors (for example: not eligible for auto-proxying)
2018-11-30 12:47:43.445  INFO [E-Kart-Order,,,] 13836 --- [main] trationDelegate$BeanPostProcessorChecker : Bean 'org.springframework.cloud.autoconfigure.ConfigurationPropertiesRebinderAutoConfiguration' of type [org.springframework.cloud.autoconfigure.ConfigurationPropertiesRebinderAutoConfiguration$$EnhancerBySpringCGLIB$$4e05dfdc] is not eligible for getting processed by all BeanPostProcessors (for example: not eligible for auto-proxying)
2018-11-30 12:47:44.210  INFO [E-Kart-Order,,,] 13836 --- [main] s.b.c.e.t.TomcatEmbeddedServletContainer : Tomcat initialized with port(s): 8100 (http)
2018-11-30 12:47:44.232  INFO [E-Kart-Order,,,] 13836 --- [main] o.apache.catalina.core.StandardService   : Starting service [Tomcat]
2018-11-30 12:47:44.232  INFO [E-Kart-Order,,,] 13836 --- [main] org.apache.catalina.core.StandardEngine  : Starting Servlet Engine: Apache Tomcat/8.5.16
2018-11-30 12:47:44.554  INFO [E-Kart-Order,,,] 13836 --- [localhost-startStop-1] o.a.c.c.C.[Tomcat].[localhost].[/]       : Initializing Spring embedded WebApplicationContext
2018-11-30 12:47:46.445  INFO [E-Kart-Order,,,] 13836 --- [localhost-startStop-1] o.s.b.w.servlet.FilterRegistrationBean   : Mapping filter: 'metricsFilter' to: [/*]
2018-11-30 12:47:46.448  INFO [E-Kart-Order,,,] 13836 --- [localhost-startStop-1] o.s.b.w.servlet.FilterRegistrationBean   : Mapping filter: 'characterEncodingFilter' to: [/*]
2018-11-30 12:47:46.450  INFO [E-Kart-Order,,,] 13836 --- [localhost-startStop-1] o.s.b.w.servlet.FilterRegistrationBean   : Mapping filter: 'traceFilter' to: [/*]
2018-11-30 12:47:46.450  INFO [E-Kart-Order,,,] 13836 --- [localhost-startStop-1] o.s.b.w.servlet.FilterRegistrationBean   : Mapping filter: 'hiddenHttpMethodFilter' to: [/*]
2018-11-30 12:47:46.450  INFO [E-Kart-Order,,,] 13836 --- [localhost-startStop-1] o.s.b.w.servlet.FilterRegistrationBean   : Mapping filter: 'httpPutFormContentFilter' to: [/*]
2018-11-30 12:47:46.450  INFO [E-Kart-Order,,,] 13836 --- [localhost-startStop-1] o.s.b.w.servlet.FilterRegistrationBean   : Mapping filter: 'requestContextFilter' to: [/*]
2018-11-30 12:47:46.450  INFO [E-Kart-Order,,,] 13836 --- [localhost-startStop-1] o.s.b.w.servlet.FilterRegistrationBean   : Mapping filter: 'webRequestLoggingFilter' to: [/*]
2018-11-30 12:47:46.450  INFO [E-Kart-Order,,,] 13836 --- [localhost-startStop-1] o.s.b.w.servlet.FilterRegistrationBean   : Mapping filter: 'applicationContextIdFilter' to: [/*]
2018-11-30 12:47:46.450  INFO [E-Kart-Order,,,] 13836 --- [localhost-startStop-1] o.s.b.w.servlet.ServletRegistrationBean  : Mapping servlet: 'dispatcherServlet' to [/]
2018-11-30 12:47:48.780  INFO [E-Kart-Order,,,] 13836 --- [main] j.LocalContainerEntityManagerFactoryBean : Building JPA container EntityManagerFactory for persistence unit 'default'
2018-11-30 12:47:50.931  INFO [E-Kart-Order,,,] 13836 --- [main] j.LocalContainerEntityManagerFactoryBean : Initialized JPA EntityManagerFactory for persistence unit 'default'
2018-11-30 12:48:00.041  INFO [E-Kart-Order,,,] 13836 --- [main] com.datastax.driver.core.Native          : Could not load JNR C Library, native system calls through this library will not be available (set this logger level to DEBUG to see the full stack trace).
2018-11-30 12:48:00.046  INFO [E-Kart-Order,,,] 13836 --- [main] com.datastax.driver.core.ClockFactory    : Using java.lang.System clock to generate timestamps.
2018-11-30 12:48:02.650  INFO [E-Kart-Order,,,] 13836 --- [main] o.s.b.a.e.mvc.EndpointHandlerMapping     : Mapped "{[/service-registry/instance-status],methods=[POST]}" onto public org.springframework.http.ResponseEntity<?> org.springframework.cloud.client.serviceregistry.endpoint.ServiceRegistryEndpoint.setStatus(java.lang.String)
2018-11-30 12:48:02.658  INFO [E-Kart-Order,,,] 13836 --- [main] o.s.b.a.e.mvc.EndpointHandlerMapping     : Mapped "{[/service-registry/instance-status],methods=[GET]}" onto public org.springframework.http.ResponseEntity org.springframework.cloud.client.serviceregistry.endpoint.ServiceRegistryEndpoint.getStatus()
2018-11-30 12:48:02.667  INFO [E-Kart-Order,,,] 13836 --- [main] o.s.b.a.e.mvc.EndpointHandlerMapping     : Mapped "{[/env/{name:.*}],methods=[GET],produces=[application/vnd.spring-boot.actuator.v1+json || application/json]}" onto public java.lang.Object org.springframework.boot.actuate.endpoint.mvc.EnvironmentMvcEndpoint.value(java.lang.String)
2018-11-30 12:48:02.672  INFO [E-Kart-Order,,,] 13836 --- [main] o.s.b.a.e.mvc.EndpointHandlerMapping     : Mapped "{[/env || /env.json],methods=[GET],produces=[application/vnd.spring-boot.actuator.v1+json || application/json]}" onto public java.lang.Object org.springframework.boot.actuate.endpoint.mvc.EndpointMvcAdapter.invoke()
2018-11-30 12:48:02.673  INFO [E-Kart-Order,,,] 13836 --- [main] o.s.b.a.e.mvc.EndpointHandlerMapping     : Mapped "{[/logfile || /logfile.json],methods=[GET || HEAD]}" onto public void org.springframework.boot.actuate.endpoint.mvc.LogFileMvcEndpoint.invoke(javax.servlet.http.HttpServletRequest,javax.servlet.http.HttpServletResponse) throws javax.servlet.ServletException,java.io.IOException
2018-11-30 12:48:02.674  INFO [E-Kart-Order,,,] 13836 --- [main] o.s.b.a.e.mvc.EndpointHandlerMapping     : Mapped "{[/resume || /resume.json],methods=[POST]}" onto public java.lang.Object org.springframework.cloud.endpoint.GenericPostableMvcEndpoint.invoke()
2018-11-30 12:48:02.675  INFO [E-Kart-Order,,,] 13836 --- [main] o.s.b.a.e.mvc.EndpointHandlerMapping     : Mapped "{[/dump || /dump.json],methods=[GET],produces=[application/vnd.spring-boot.actuator.v1+json || application/json]}" onto public java.lang.Object org.springframework.boot.actuate.endpoint.mvc.EndpointMvcAdapter.invoke()
2018-11-30 12:48:02.677  INFO [E-Kart-Order,,,] 13836 --- [main] o.s.b.a.e.mvc.EndpointHandlerMapping     : Mapped "{[/metrics/{name:.*}],methods=[GET],produces=[application/vnd.spring-boot.actuator.v1+json || application/json]}" onto public java.lang.Object org.springframework.boot.actuate.endpoint.mvc.MetricsMvcEndpoint.value(java.lang.String)
2018-11-30 12:48:02.678  INFO [E-Kart-Order,,,] 13836 --- [main] o.s.b.a.e.mvc.EndpointHandlerMapping     : Mapped "{[/metrics || /metrics.json],methods=[GET],produces=[application/vnd.spring-boot.actuator.v1+json || application/json]}" onto public java.lang.Object org.springframework.boot.actuate.endpoint.mvc.EndpointMvcAdapter.invoke()
2018-11-30 12:48:02.682  INFO [E-Kart-Order,,,] 13836 --- [main] o.s.b.a.e.mvc.EndpointHandlerMapping     : Mapped "{[/loggers/{name:.*}],methods=[GET],produces=[application/vnd.spring-boot.actuator.v1+json || application/json]}" onto public java.lang.Object org.springframework.boot.actuate.endpoint.mvc.LoggersMvcEndpoint.get(java.lang.String)
2018-11-30 12:48:02.683  INFO [E-Kart-Order,,,] 13836 --- [main] o.s.b.a.e.mvc.EndpointHandlerMapping     : Mapped "{[/loggers/{name:.*}],methods=[POST],consumes=[application/vnd.spring-boot.actuator.v1+json || application/json],produces=[application/vnd.spring-boot.actuator.v1+json || application/json]}" onto public java.lang.Object org.springframework.boot.actuate.endpoint.mvc.LoggersMvcEndpoint.set(java.lang.String,java.util.Map<java.lang.String, java.lang.String>)
2018-11-30 12:48:02.683  INFO [E-Kart-Order,,,] 13836 --- [main] o.s.b.a.e.mvc.EndpointHandlerMapping     : Mapped "{[/loggers || /loggers.json],methods=[GET],produces=[application/vnd.spring-boot.actuator.v1+json || application/json]}" onto public java.lang.Object org.springframework.boot.actuate.endpoint.mvc.EndpointMvcAdapter.invoke()
2018-11-30 12:48:02.684  INFO [E-Kart-Order,,,] 13836 --- [main] o.s.b.a.e.mvc.EndpointHandlerMapping     : Mapped "{[/pause || /pause.json],methods=[POST]}" onto public java.lang.Object org.springframework.cloud.endpoint.GenericPostableMvcEndpoint.invoke()
2018-11-30 12:48:02.686  INFO [E-Kart-Order,,,] 13836 --- [main] o.s.b.a.e.mvc.EndpointHandlerMapping     : Mapped "{[/restart || /restart.json],methods=[POST]}" onto public java.lang.Object org.springframework.cloud.context.restart.RestartMvcEndpoint.invoke()
2018-11-30 12:48:02.688  INFO [E-Kart-Order,,,] 13836 --- [main] o.s.b.a.e.mvc.EndpointHandlerMapping     : Mapped "{[/health || /health.json],methods=[GET],produces=[application/vnd.spring-boot.actuator.v1+json || application/json]}" onto public java.lang.Object org.springframework.boot.actuate.endpoint.mvc.HealthMvcEndpoint.invoke(javax.servlet.http.HttpServletRequest,java.security.Principal)
2018-11-30 12:48:02.693  INFO [E-Kart-Order,,,] 13836 --- [main] o.s.b.a.e.mvc.EndpointHandlerMapping     : Mapped "{[/refresh || /refresh.json],methods=[POST]}" onto public java.lang.Object org.springframework.cloud.endpoint.GenericPostableMvcEndpoint.invoke()
2018-11-30 12:48:02.695  INFO [E-Kart-Order,,,] 13836 --- [main] o.s.b.a.e.mvc.EndpointHandlerMapping     : Mapped "{[/info || /info.json],methods=[GET],produces=[application/vnd.spring-boot.actuator.v1+json || application/json]}" onto public java.lang.Object org.springframework.boot.actuate.endpoint.mvc.EndpointMvcAdapter.invoke()
2018-11-30 12:48:02.699  INFO [E-Kart-Order,,,] 13836 --- [main] o.s.b.a.e.mvc.EndpointHandlerMapping     : Mapped "{[/trace || /trace.json],methods=[GET],produces=[application/vnd.spring-boot.actuator.v1+json || application/json]}" onto public java.lang.Object org.springframework.boot.actuate.endpoint.mvc.EndpointMvcAdapter.invoke()
2018-11-30 12:48:02.701  INFO [E-Kart-Order,,,] 13836 --- [main] o.s.b.a.e.mvc.EndpointHandlerMapping     : Mapped "{[/mappings || /mappings.json],methods=[GET],produces=[application/vnd.spring-boot.actuator.v1+json || application/json]}" onto public java.lang.Object org.springframework.boot.actuate.endpoint.mvc.EndpointMvcAdapter.invoke()
2018-11-30 12:48:02.702  INFO [E-Kart-Order,,,] 13836 --- [main] o.s.b.a.e.mvc.EndpointHandlerMapping     : Mapped "{[/beans || /beans.json],methods=[GET],produces=[application/vnd.spring-boot.actuator.v1+json || application/json]}" onto public java.lang.Object org.springframework.boot.actuate.endpoint.mvc.EndpointMvcAdapter.invoke()
2018-11-30 12:48:02.702  INFO [E-Kart-Order,,,] 13836 --- [main] o.s.b.a.e.mvc.EndpointHandlerMapping     : Mapped "{[/features || /features.json],methods=[GET],produces=[application/vnd.spring-boot.actuator.v1+json || application/json]}" onto public java.lang.Object org.springframework.boot.actuate.endpoint.mvc.EndpointMvcAdapter.invoke()
2018-11-30 12:48:02.703  INFO [E-Kart-Order,,,] 13836 --- [main] o.s.b.a.e.mvc.EndpointHandlerMapping     : Mapped "{[/autoconfig || /autoconfig.json],methods=[GET],produces=[application/vnd.spring-boot.actuator.v1+json || application/json]}" onto public java.lang.Object org.springframework.boot.actuate.endpoint.mvc.EndpointMvcAdapter.invoke()
2018-11-30 12:48:02.705  INFO [E-Kart-Order,,,] 13836 --- [main] o.s.b.a.e.mvc.EndpointHandlerMapping     : Mapped "{[/configprops || /configprops.json],methods=[GET],produces=[application/vnd.spring-boot.actuator.v1+json || application/json]}" onto public java.lang.Object org.springframework.boot.actuate.endpoint.mvc.EndpointMvcAdapter.invoke()
2018-11-30 12:48:02.706  INFO [E-Kart-Order,,,] 13836 --- [main] o.s.b.a.e.mvc.EndpointHandlerMapping     : Mapped "{[/heapdump || /heapdump.json],methods=[GET],produces=[application/octet-stream]}" onto public void org.springframework.boot.actuate.endpoint.mvc.HeapdumpMvcEndpoint.invoke(boolean,javax.servlet.http.HttpServletRequest,javax.servlet.http.HttpServletResponse) throws java.io.IOException,javax.servlet.ServletException
2018-11-30 12:48:02.707  INFO [E-Kart-Order,,,] 13836 --- [main] o.s.b.a.e.mvc.EndpointHandlerMapping     : Mapped "{[/env],methods=[POST]}" onto public java.lang.Object org.springframework.cloud.context.environment.EnvironmentManagerMvcEndpoint.value(java.util.Map<java.lang.String, java.lang.String>)
2018-11-30 12:48:02.707  INFO [E-Kart-Order,,,] 13836 --- [main] o.s.b.a.e.mvc.EndpointHandlerMapping     : Mapped "{[/env/reset],methods=[POST]}" onto public java.util.Map<java.lang.String, java.lang.Object> org.springframework.cloud.context.environment.EnvironmentManagerMvcEndpoint.reset()
2018-11-30 12:48:02.707  INFO [E-Kart-Order,,,] 13836 --- [main] o.s.b.a.e.mvc.EndpointHandlerMapping     : Mapped "{[/archaius || /archaius.json],methods=[GET],produces=[application/vnd.spring-boot.actuator.v1+json || application/json]}" onto public java.lang.Object org.springframework.boot.actuate.endpoint.mvc.EndpointMvcAdapter.invoke()
2018-11-30 12:48:02.707  INFO [E-Kart-Order,,,] 13836 --- [main] o.s.b.a.e.mvc.EndpointHandlerMapping     : Mapped "{[/auditevents || /auditevents.json],methods=[GET],produces=[application/vnd.spring-boot.actuator.v1+json || application/json]}" onto public org.springframework.http.ResponseEntity<?> org.springframework.boot.actuate.endpoint.mvc.AuditEventsMvcEndpoint.findByPrincipalAndAfterAndType(java.lang.String,java.util.Date,java.lang.String)
2018-11-30 12:48:04.016  WARN [E-Kart-Order,,,] 13836 --- [main] c.n.c.sources.URLConfigurationSource     : No URLs will be polled as dynamic configuration sources.
2018-11-30 12:48:04.028  INFO [E-Kart-Order,,,] 13836 --- [main] c.n.c.sources.URLConfigurationSource     : To enable URLs as dynamic configuration sources, define System property archaius.configurationSource.additionalUrls or make config.properties available on classpath.
2018-11-30 12:48:04.030  WARN [E-Kart-Order,,,] 13836 --- [main] c.n.c.sources.URLConfigurationSource     : No URLs will be polled as dynamic configuration sources.
2018-11-30 12:48:04.030  INFO [E-Kart-Order,,,] 13836 --- [main] c.n.c.sources.URLConfigurationSource     : To enable URLs as dynamic configuration sources, define System property archaius.configurationSource.additionalUrls or make config.properties available on classpath.
2018-11-30 12:48:04.505  INFO [E-Kart-Order,,,] 13836 --- [main] o.s.s.c.ThreadPoolTaskScheduler          : Initializing ExecutorService 
2018-11-30 12:48:04.815  INFO [E-Kart-Order,,,] 13836 --- [main] o.s.j.e.a.AnnotationMBeanExporter        : Registering beans for JMX exposure on startup
2018-11-30 12:48:04.837  INFO [E-Kart-Order,,,] 13836 --- [main] o.s.j.e.a.AnnotationMBeanExporter        : Bean with name 'environmentManager' has been autodetected for JMX exposure
2018-11-30 12:48:04.837  INFO [E-Kart-Order,,,] 13836 --- [main] o.s.j.e.a.AnnotationMBeanExporter        : Bean with name 'configurationPropertiesRebinder' has been autodetected for JMX exposure
2018-11-30 12:48:04.837  INFO [E-Kart-Order,,,] 13836 --- [main] o.s.j.e.a.AnnotationMBeanExporter        : Bean with name 'refreshEndpoint' has been autodetected for JMX exposure
2018-11-30 12:48:04.837  INFO [E-Kart-Order,,,] 13836 --- [main] o.s.j.e.a.AnnotationMBeanExporter        : Bean with name 'restartEndpoint' has been autodetected for JMX exposure
2018-11-30 12:48:04.837  INFO [E-Kart-Order,,,] 13836 --- [main] o.s.j.e.a.AnnotationMBeanExporter        : Bean with name 'serviceRegistryEndpoint' has been autodetected for JMX exposure
2018-11-30 12:48:04.837  INFO [E-Kart-Order,,,] 13836 --- [main] o.s.j.e.a.AnnotationMBeanExporter        : Bean with name 'refreshScope' has been autodetected for JMX exposure
2018-11-30 12:48:04.853  INFO [E-Kart-Order,,,] 13836 --- [main] o.s.j.e.a.AnnotationMBeanExporter        : Located managed bean 'environmentManager': registering with JMX server as MBean [org.springframework.cloud.context.environment:name=environmentManager,type=EnvironmentManager]
2018-11-30 12:48:04.868  INFO [E-Kart-Order,,,] 13836 --- [main] o.s.j.e.a.AnnotationMBeanExporter        : Located managed bean 'restartEndpoint': registering with JMX server as MBean [org.springframework.cloud.context.restart:name=restartEndpoint,type=RestartEndpoint]
2018-11-30 12:48:04.884  INFO [E-Kart-Order,,,] 13836 --- [main] o.s.j.e.a.AnnotationMBeanExporter        : Located managed bean 'serviceRegistryEndpoint': registering with JMX server as MBean [org.springframework.cloud.client.serviceregistry.endpoint:name=serviceRegistryEndpoint,type=ServiceRegistryEndpoint]
2018-11-30 12:48:04.884  INFO [E-Kart-Order,,,] 13836 --- [main] o.s.j.e.a.AnnotationMBeanExporter        : Located managed bean 'refreshScope': registering with JMX server as MBean [org.springframework.cloud.context.scope.refresh:name=refreshScope,type=RefreshScope]
2018-11-30 12:48:04.915  INFO [E-Kart-Order,,,] 13836 --- [main] o.s.j.e.a.AnnotationMBeanExporter        : Located managed bean 'configurationPropertiesRebinder': registering with JMX server as MBean [org.springframework.cloud.context.properties:name=configurationPropertiesRebinder,context=6a0ac48e,type=ConfigurationPropertiesRebinder]
2018-11-30 12:48:04.915  INFO [E-Kart-Order,,,] 13836 --- [main] o.s.j.e.a.AnnotationMBeanExporter        : Located managed bean 'refreshEndpoint': registering with JMX server as MBean [org.springframework.cloud.endpoint:name=refreshEndpoint,type=RefreshEndpoint]
2018-11-30 12:48:05.523  INFO [E-Kart-Order,,,] 13836 --- [main] o.s.c.support.DefaultLifecycleProcessor  : Starting beans in phase 0
2018-11-30 12:48:05.537  INFO [E-Kart-Order,,,] 13836 --- [main] o.s.c.n.eureka.InstanceInfoFactory       : Setting initial instance status as: STARTING
2018-11-30 12:48:05.696  INFO [E-Kart-Order,,,] 13836 --- [main] com.netflix.discovery.DiscoveryClient    : Initializing Eureka in region us-east-1
2018-11-30 12:48:06.165  INFO [E-Kart-Order,,,] 13836 --- [main] c.n.d.provider.DiscoveryJerseyProvider   : Using JSON encoding codec LegacyJacksonJson
2018-11-30 12:48:06.165  INFO [E-Kart-Order,,,] 13836 --- [main] c.n.d.provider.DiscoveryJerseyProvider   : Using JSON decoding codec LegacyJacksonJson
2018-11-30 12:48:06.370  INFO [E-Kart-Order,,,] 13836 --- [main] c.n.d.provider.DiscoveryJerseyProvider   : Using XML encoding codec XStreamXml
2018-11-30 12:48:06.370  INFO [E-Kart-Order,,,] 13836 --- [main] c.n.d.provider.DiscoveryJerseyProvider   : Using XML decoding codec XStreamXml
2018-11-30 12:48:06.655  INFO [E-Kart-Order,,,] 13836 --- [main] c.n.d.s.r.aws.ConfigClusterResolver      : Resolving eureka endpoints via configuration
2018-11-30 12:48:06.711  INFO [E-Kart-Order,,,] 13836 --- [main] com.netflix.discovery.DiscoveryClient    : Disable delta property : false
2018-11-30 12:48:06.711  INFO [E-Kart-Order,,,] 13836 --- [main] com.netflix.discovery.DiscoveryClient    : Single vip registry refresh property : null
2018-11-30 12:48:06.711  INFO [E-Kart-Order,,,] 13836 --- [main] com.netflix.discovery.DiscoveryClient    : Force full registry fetch : false
2018-11-30 12:48:06.711  INFO [E-Kart-Order,,,] 13836 --- [main] com.netflix.discovery.DiscoveryClient    : Application is null : false
2018-11-30 12:48:06.711  INFO [E-Kart-Order,,,] 13836 --- [main] com.netflix.discovery.DiscoveryClient    : Registered Applications size is zero : true
2018-11-30 12:48:06.711  INFO [E-Kart-Order,,,] 13836 --- [main] com.netflix.discovery.DiscoveryClient    : Application version is -1: true
2018-11-30 12:48:06.711  INFO [E-Kart-Order,,,] 13836 --- [main] com.netflix.discovery.DiscoveryClient    : Getting all instance registry info from the eureka server
2018-11-30 12:48:06.900  INFO [E-Kart-Order,,,] 13836 --- [main] com.netflix.discovery.DiscoveryClient    : The response status is 200
2018-11-30 12:48:06.900  INFO [E-Kart-Order,,,] 13836 --- [main] com.netflix.discovery.DiscoveryClient    : Starting heartbeat executor: renew interval is: 30
2018-11-30 12:48:06.916  INFO [E-Kart-Order,,,] 13836 --- [main] c.n.discovery.InstanceInfoReplicator     : InstanceInfoReplicator onDemand update allowed rate per min is 4
2018-11-30 12:48:06.916  INFO [E-Kart-Order,,,] 13836 --- [main] com.netflix.discovery.DiscoveryClient    : Discovery Client initialized at timestamp 1543562286916 with initial instances count: 1
2018-11-30 12:48:07.119  INFO [E-Kart-Order,,,] 13836 --- [main] o.s.c.n.e.s.EurekaServiceRegistry        : Registering application E-Kart-Order with eureka with status UP
2018-11-30 12:48:07.119  INFO [E-Kart-Order,,,] 13836 --- [main] com.netflix.discovery.DiscoveryClient    : Saw local status change event StatusChangeEvent [timestamp=1543562287119, current=UP, previous=STARTING]
2018-11-30 12:48:07.119  INFO [E-Kart-Order,,,] 13836 --- [DiscoveryClient-InstanceInfoReplicator-0] com.netflix.discovery.DiscoveryClient    : DiscoveryClient_E-KART-ORDER/HYDPCM308552D.ad.infosys.com:E-Kart-Order:8100: registering service...
2018-11-30 12:48:07.216  INFO [E-Kart-Order,,,] 13836 --- [DiscoveryClient-InstanceInfoReplicator-0] com.netflix.discovery.DiscoveryClient    : DiscoveryClient_E-KART-ORDER/HYDPCM308552D.ad.infosys.com:E-Kart-Order:8100 - registration status: 204
2018-11-30 12:48:07.400  INFO [E-Kart-Order,,,] 13836 --- [main] s.b.c.e.t.TomcatEmbeddedServletContainer : Tomcat started on port(s): 8100 (http)
2018-11-30 12:48:07.400  INFO [E-Kart-Order,,,] 13836 --- [main] .s.c.n.e.s.EurekaAutoServiceRegistration : Updating port to 8100
2018-11-30 12:48:07.400  INFO [E-Kart-Order,,,] 13836 --- [main] com.infosys.ekart.InfyTelBoot            : Started InfyTelBoot in 30.548 seconds (JVM running for 32.314)
2018-11-30 12:50:06.976  INFO [E-Kart-Order,,,] 13836 --- [http-nio-8100-exec-1] o.a.c.c.C.[Tomcat].[localhost].[/]       : Initializing Spring FrameworkServlet 'dispatcherServlet'
2018-11-30 12:50:07.507 DEBUG [E-Kart-Order,856012429081adba,856012429081adba,true] 13836 --- [http-nio-8100-exec-1] org.hibernate.SQL                        : select orderentit0_.order_id as order_id1_0_, orderentit0_.address_id as address_id2_0_, orderentit0_.card_id as card_id3_0_, orderentit0_.category as category4_0_, orderentit0_.deliverycharge as deliverycharge5_0_, orderentit0_.order_status as order_status6_0_, orderentit0_.orderdate as orderdate7_0_, orderentit0_.price as price8_0_, orderentit0_.product_name as product_name9_0_, orderentit0_.quantity as quantity10_0_, orderentit0_.seller_name as seller_name11_0_, orderentit0_.total as total12_0_, orderentit0_.user_id as user_id13_0_ from ekart_order orderentit0_ where orderentit0_.user_id=? and orderentit0_.orderdate>=?
2018-11-30 12:50:15.443 DEBUG [E-Kart-Order,85c65e6eb594607f,85c65e6eb594607f,true] 13836 --- [http-nio-8100-exec-2] org.hibernate.SQL                        : select orderentit0_.order_id as order_id1_0_, orderentit0_.address_id as address_id2_0_, orderentit0_.card_id as card_id3_0_, orderentit0_.category as category4_0_, orderentit0_.deliverycharge as deliverycharge5_0_, orderentit0_.order_status as order_status6_0_, orderentit0_.orderdate as orderdate7_0_, orderentit0_.price as price8_0_, orderentit0_.product_name as product_name9_0_, orderentit0_.quantity as quantity10_0_, orderentit0_.seller_name as seller_name11_0_, orderentit0_.total as total12_0_, orderentit0_.user_id as user_id13_0_ from ekart_order orderentit0_ where orderentit0_.user_id=? and orderentit0_.orderdate>=?
2018-11-30 12:53:06.750  INFO [E-Kart-Order,,,] 13836 --- [AsyncResolver-bootstrap-executor-0] c.n.d.s.r.aws.ConfigClusterResolver      : Resolving eureka endpoints via configuration
2018-11-30 12:58:06.774  INFO [E-Kart-Order,,,] 13836 --- [AsyncResolver-bootstrap-executor-0] c.n.d.s.r.aws.ConfigClusterResolver      : Resolving eureka endpoints via configuration
2018-11-30 13:03:06.805  INFO [E-Kart-Order,,,] 13836 --- [AsyncResolver-bootstrap-executor-0] c.n.d.s.r.aws.ConfigClusterResolver      : Resolving eureka endpoints via configuration
2018-11-30 13:08:06.819  INFO [E-Kart-Order,,,] 13836 --- [AsyncResolver-bootstrap-executor-0] c.n.d.s.r.aws.ConfigClusterResolver      : Resolving eureka endpoints via configuration
2018-11-30 13:13:06.830  INFO [E-Kart-Order,,,] 13836 --- [AsyncResolver-bootstrap-executor-0] c.n.d.s.r.aws.ConfigClusterResolver      : Resolving eureka endpoints via configuration
2018-11-30 13:18:06.846  INFO [E-Kart-Order,,,] 13836 --- [AsyncResolver-bootstrap-executor-0] c.n.d.s.r.aws.ConfigClusterResolver      : Resolving eureka endpoints via configuration
2018-11-30 13:23:06.862  INFO [E-Kart-Order,,,] 13836 --- [AsyncResolver-bootstrap-executor-0] c.n.d.s.r.aws.ConfigClusterResolver      : Resolving eureka endpoints via configuration
2018-11-30 13:28:06.876  INFO [E-Kart-Order,,,] 13836 --- [AsyncResolver-bootstrap-executor-0] c.n.d.s.r.aws.ConfigClusterResolver      : Resolving eureka endpoints via configuration
2018-11-30 13:33:06.884  INFO [E-Kart-Order,,,] 13836 --- [AsyncResolver-bootstrap-executor-0] c.n.d.s.r.aws.ConfigClusterResolver      : Resolving eureka endpoints via configuration
2018-11-30 13:38:06.887  INFO [E-Kart-Order,,,] 13836 --- [AsyncResolver-bootstrap-executor-0] c.n.d.s.r.aws.ConfigClusterResolver      : Resolving eureka endpoints via configuration
2018-11-30 13:43:06.905  INFO [E-Kart-Order,,,] 13836 --- [AsyncResolver-bootstrap-executor-0] c.n.d.s.r.aws.ConfigClusterResolver      : Resolving eureka endpoints via configuration
2018-11-30 13:48:06.919  INFO [E-Kart-Order,,,] 13836 --- [AsyncResolver-bootstrap-executor-0] c.n.d.s.r.aws.ConfigClusterResolver      : Resolving eureka endpoints via configuration
2018-11-30 13:53:06.928  INFO [E-Kart-Order,,,] 13836 --- [AsyncResolver-bootstrap-executor-0] c.n.d.s.r.aws.ConfigClusterResolver      : Resolving eureka endpoints via configuration
2018-11-30 13:58:06.946  INFO [E-Kart-Order,,,] 13836 --- [AsyncResolver-bootstrap-executor-0] c.n.d.s.r.aws.ConfigClusterResolver      : Resolving eureka endpoints via configuration
2018-11-30 14:03:06.957  INFO [E-Kart-Order,,,] 13836 --- [AsyncResolver-bootstrap-executor-0] c.n.d.s.r.aws.ConfigClusterResolver      : Resolving eureka endpoints via configuration
2018-11-30 14:08:06.974  INFO [E-Kart-Order,,,] 13836 --- [AsyncResolver-bootstrap-executor-0] c.n.d.s.r.aws.ConfigClusterResolver      : Resolving eureka endpoints via configuration
2018-11-30 14:13:06.981  INFO [E-Kart-Order,,,] 13836 --- [AsyncResolver-bootstrap-executor-0] c.n.d.s.r.aws.ConfigClusterResolver      : Resolving eureka endpoints via configuration
2018-11-30 14:18:06.990  INFO [E-Kart-Order,,,] 13836 --- [AsyncResolver-bootstrap-executor-0] c.n.d.s.r.aws.ConfigClusterResolver      : Resolving eureka endpoints via configuration
2018-11-30 14:23:07.005  INFO [E-Kart-Order,,,] 13836 --- [AsyncResolver-bootstrap-executor-0] c.n.d.s.r.aws.ConfigClusterResolver      : Resolving eureka endpoints via configuration
2018-11-30 14:28:07.010  INFO [E-Kart-Order,,,] 13836 --- [AsyncResolver-bootstrap-executor-0] c.n.d.s.r.aws.ConfigClusterResolver      : Resolving eureka endpoints via configuration
2018-11-30 14:33:07.019  INFO [E-Kart-Order,,,] 13836 --- [AsyncResolver-bootstrap-executor-0] c.n.d.s.r.aws.ConfigClusterResolver      : Resolving eureka endpoints via configuration
2018-11-30 14:35:04.395  INFO [E-Kart-Order,,,] 13836 --- [RMI TCP Connection(140)-127.0.0.1] inMXBeanRegistrar$SpringApplicationAdmin : Application shutdown requested.
2018-11-30 14:35:04.427  INFO [E-Kart-Order,,,] 13836 --- [RMI TCP Connection(140)-127.0.0.1] ationConfigEmbeddedWebApplicationContext : Closing org.springframework.boot.context.embedded.AnnotationConfigEmbeddedWebApplicationContext@6a0ac48e: startup date [Fri Nov 30 12:47:40 IST 2018]; parent: org.springframework.context.annotation.AnnotationConfigApplicationContext@774698ab
2018-11-30 14:35:04.821  INFO [E-Kart-Order,,,] 13836 --- [RMI TCP Connection(140)-127.0.0.1] o.s.c.n.e.s.EurekaServiceRegistry        : Unregistering application E-Kart-Order with eureka with status DOWN
2018-11-30 14:35:04.874  WARN [E-Kart-Order,,,] 13836 --- [RMI TCP Connection(140)-127.0.0.1] com.netflix.discovery.DiscoveryClient    : Saw local status change event StatusChangeEvent [timestamp=1543568704874, current=DOWN, previous=UP]
2018-11-30 14:35:04.876  INFO [E-Kart-Order,,,] 13836 --- [DiscoveryClient-InstanceInfoReplicator-0] com.netflix.discovery.DiscoveryClient    : DiscoveryClient_E-KART-ORDER/HYDPCM308552D.ad.infosys.com:E-Kart-Order:8100: registering service...
2018-11-30 14:35:05.132  INFO [E-Kart-Order,,,] 13836 --- [RMI TCP Connection(140)-127.0.0.1] com.netflix.discovery.DiscoveryClient    : Shutting down DiscoveryClient ...
2018-11-30 14:35:05.317  INFO [E-Kart-Order,,,] 13836 --- [RMI TCP Connection(140)-127.0.0.1] com.netflix.discovery.DiscoveryClient    : Unregistering ...
2018-11-30 14:35:05.469  INFO [E-Kart-Order,,,] 13836 --- [DiscoveryClient-InstanceInfoReplicator-0] com.netflix.discovery.DiscoveryClient    : DiscoveryClient_E-KART-ORDER/HYDPCM308552D.ad.infosys.com:E-Kart-Order:8100 - registration status: 204
2018-11-30 14:35:06.056  INFO [E-Kart-Order,,,] 13836 --- [RMI TCP Connection(140)-127.0.0.1] com.netflix.discovery.DiscoveryClient    : DiscoveryClient_E-KART-ORDER/HYDPCM308552D.ad.infosys.com:E-Kart-Order:8100 - deregister  status: 200
2018-11-30 14:35:06.231  INFO [E-Kart-Order,,,] 13836 --- [RMI TCP Connection(140)-127.0.0.1] com.netflix.discovery.DiscoveryClient    : Completed shut down of DiscoveryClient
2018-11-30 14:35:07.353  INFO [E-Kart-Order,,,] 13836 --- [RMI TCP Connection(140)-127.0.0.1] o.s.c.support.DefaultLifecycleProcessor  : Stopping beans in phase 0
2018-11-30 14:35:08.281  INFO [E-Kart-Order,,,] 13836 --- [RMI TCP Connection(140)-127.0.0.1] o.s.j.e.a.AnnotationMBeanExporter        : Unregistering JMX-exposed beans on shutdown
2018-11-30 14:35:08.282  INFO [E-Kart-Order,,,] 13836 --- [RMI TCP Connection(140)-127.0.0.1] o.s.j.e.a.AnnotationMBeanExporter        : Unregistering JMX-exposed beans
2018-11-30 14:35:08.434  INFO [E-Kart-Order,,,] 13836 --- [RMI TCP Connection(140)-127.0.0.1] j.LocalContainerEntityManagerFactoryBean : Closing JPA EntityManagerFactory for persistence unit 'default'
2018-11-30 14:35:10.278  INFO [E-Kart-Order,,,] 13836 --- [RMI TCP Connection(140)-127.0.0.1] o.apache.catalina.core.StandardService   : Stopping service [Tomcat]
2018-11-30 14:35:10.502  INFO [E-Kart-Order,,,] 13836 --- [localhost-startStop-2] o.a.c.c.C.[Tomcat].[localhost].[/]       : Destroying Spring FrameworkServlet 'dispatcherServlet'
